[debug] [2021-04-18T08:41:52.760Z] ----------------------------------------------------------------------
[debug] [2021-04-18T08:41:52.762Z] Command:       /usr/local/Cellar/node@14/14.15.5/bin/node /usr/local/bin/firebase init
[debug] [2021-04-18T08:41:52.762Z] CLI Version:   9.6.1
[debug] [2021-04-18T08:41:52.762Z] Platform:      darwin
[debug] [2021-04-18T08:41:52.762Z] Node Version:  v14.15.5
[debug] [2021-04-18T08:41:52.763Z] Time:          Sun Apr 18 2021 17:41:52 GMT+0900 (Japan Standard Time)
[debug] [2021-04-18T08:41:52.763Z] ----------------------------------------------------------------------
[debug] [2021-04-18T08:41:52.763Z] 
[debug] [2021-04-18T08:41:52.767Z] > command requires scopes: ["email","openid","https://www.googleapis.com/auth/cloudplatformprojects.readonly","https://www.googleapis.com/auth/firebase","https://www.googleapis.com/auth/cloud-platform"]
[debug] [2021-04-18T08:41:52.767Z] > authorizing via signed-in user
[info] 
     ######## #### ########  ######## ########     ###     ######  ########
     ##        ##  ##     ## ##       ##     ##  ##   ##  ##       ##
     ######    ##  ########  ######   ########  #########  ######  ######
     ##        ##  ##    ##  ##       ##     ## ##     ##       ## ##
     ##       #### ##     ## ######## ########  ##     ##  ######  ########

You're about to initialize a Firebase project in this directory:

  /Users/kazuki/pf/todo-app

[info] 
=== Project Setup
[info] 
[info] First, let's associate this project directory with a Firebase project.
[info] You can create multiple project aliases by running firebase use --add, 
[info] but for now we'll just set up a default project.
[info] 
[info] i  If you want to create a project in a Google Cloud organization or folder, please use "firebase projects:create" instead, and return to this command when you've created the project. 
[debug] [2021-04-18T08:43:36.712Z] > refreshing access token with scopes: ["email","https://www.googleapis.com/auth/cloud-platform","https://www.googleapis.com/auth/cloudplatformprojects.readonly","https://www.googleapis.com/auth/firebase","openid"]
[debug] [2021-04-18T08:43:36.713Z] >>> HTTP REQUEST POST https://www.googleapis.com/oauth2/v3/token  
 <request body omitted>
[debug] [2021-04-18T08:43:37.043Z] <<< HTTP RESPONSE 200 {"pragma":"no-cache","date":"Sun, 18 Apr 2021 08:43:37 GMT","expires":"Mon, 01 Jan 1990 00:00:00 GMT","cache-control":"no-cache, no-store, max-age=0, must-revalidate","content-type":"application/json; charset=utf-8","vary":"X-Origin, Referer, Origin,Accept-Encoding","server":"scaffolding on HTTPServer2","x-xss-protection":"0","x-frame-options":"SAMEORIGIN","x-content-type-options":"nosniff","alt-svc":"h3-29=\":443\"; ma=2592000,h3-T051=\":443\"; ma=2592000,h3-Q050=\":443\"; ma=2592000,h3-Q046=\":443\"; ma=2592000,h3-Q043=\":443\"; ma=2592000,quic=\":443\"; ma=2592000; v=\"46,43\"","accept-ranges":"none","transfer-encoding":"chunked"}
[debug] [2021-04-18T08:43:37.076Z] >>> HTTP REQUEST POST https://cloudresourcemanager.googleapis.com/v1/projects  
 {"projectId":"kt-12345","name":"kt-12345"}
[debug] [2021-04-18T08:43:38.150Z] <<< HTTP RESPONSE 200 {"content-type":"application/json; charset=UTF-8","vary":"X-Origin, Referer, Origin,Accept-Encoding","date":"Sun, 18 Apr 2021 08:43:38 GMT","server":"ESF","cache-control":"private","x-xss-protection":"0","x-frame-options":"SAMEORIGIN","x-content-type-options":"nosniff","server-timing":"gfet4t7; dur=816","alt-svc":"h3-29=\":443\"; ma=2592000,h3-T051=\":443\"; ma=2592000,h3-Q050=\":443\"; ma=2592000,h3-Q046=\":443\"; ma=2592000,h3-Q043=\":443\"; ma=2592000,quic=\":443\"; ma=2592000; v=\"46,43\"","accept-ranges":"none","transfer-encoding":"chunked"}
[debug] [2021-04-18T08:43:38.154Z] > refreshing access token with scopes: []
[debug] [2021-04-18T08:43:38.154Z] >>> HTTP REQUEST POST https://www.googleapis.com/oauth2/v3/token  
 <request body omitted>
[debug] [2021-04-18T08:43:38.361Z] <<< HTTP RESPONSE 200 {"expires":"Mon, 01 Jan 1990 00:00:00 GMT","cache-control":"no-cache, no-store, max-age=0, must-revalidate","date":"Sun, 18 Apr 2021 08:43:38 GMT","pragma":"no-cache","content-type":"application/json; charset=utf-8","vary":"X-Origin, Referer, Origin,Accept-Encoding","server":"scaffolding on HTTPServer2","x-xss-protection":"0","x-frame-options":"SAMEORIGIN","x-content-type-options":"nosniff","alt-svc":"h3-29=\":443\"; ma=2592000,h3-T051=\":443\"; ma=2592000,h3-Q050=\":443\"; ma=2592000,h3-Q046=\":443\"; ma=2592000,h3-Q043=\":443\"; ma=2592000,quic=\":443\"; ma=2592000; v=\"46,43\"","accept-ranges":"none","transfer-encoding":"chunked"}
[debug] [2021-04-18T08:43:38.390Z] >>> [apiv2][query] GET https://cloudresourcemanager.googleapis.com/v1/operations/cp.4789476833873463648 [none]
[debug] [2021-04-18T08:43:39.425Z] <<< [apiv2][status] GET https://cloudresourcemanager.googleapis.com/v1/operations/cp.4789476833873463648 200
[debug] [2021-04-18T08:43:39.425Z] <<< [apiv2][body] GET https://cloudresourcemanager.googleapis.com/v1/operations/cp.4789476833873463648 {"name":"operations/cp.4789476833873463648"}
[debug] [2021-04-18T08:43:39.927Z] [Project Creation Poller] Retrying task index 0
[debug] [2021-04-18T08:43:39.928Z] >>> [apiv2][query] GET https://cloudresourcemanager.googleapis.com/v1/operations/cp.4789476833873463648 [none]
[debug] [2021-04-18T08:43:40.875Z] <<< [apiv2][status] GET https://cloudresourcemanager.googleapis.com/v1/operations/cp.4789476833873463648 200
[debug] [2021-04-18T08:43:40.875Z] <<< [apiv2][body] GET https://cloudresourcemanager.googleapis.com/v1/operations/cp.4789476833873463648 {"name":"operations/cp.4789476833873463648"}
[debug] [2021-04-18T08:43:41.876Z] [Project Creation Poller] Retrying task index 0
[debug] [2021-04-18T08:43:41.877Z] >>> [apiv2][query] GET https://cloudresourcemanager.googleapis.com/v1/operations/cp.4789476833873463648 [none]
[debug] [2021-04-18T08:43:42.755Z] <<< [apiv2][status] GET https://cloudresourcemanager.googleapis.com/v1/operations/cp.4789476833873463648 200
[debug] [2021-04-18T08:43:42.755Z] <<< [apiv2][body] GET https://cloudresourcemanager.googleapis.com/v1/operations/cp.4789476833873463648 {"name":"operations/cp.4789476833873463648","metadata":{"@type":"type.googleapis.com/google.cloudresourcemanager.v1.ProjectCreationStatus","gettable":true,"ready":true},"done":true,"response":{"@type":"type.googleapis.com/google.cloudresourcemanager.v1.Project","projectNumber":"878624900274","projectId":"kt-12345","lifecycleState":"ACTIVE","name":"kt-12345","createTime":"2021-04-18T08:43:37.908Z"}}
[debug] [2021-04-18T08:43:42.757Z] > refreshing access token with scopes: ["email","https://www.googleapis.com/auth/cloud-platform","https://www.googleapis.com/auth/cloudplatformprojects.readonly","https://www.googleapis.com/auth/firebase","openid"]
[debug] [2021-04-18T08:43:42.758Z] >>> HTTP REQUEST POST https://www.googleapis.com/oauth2/v3/token  
 <request body omitted>
[debug] [2021-04-18T08:43:42.956Z] <<< HTTP RESPONSE 200 {"pragma":"no-cache","expires":"Mon, 01 Jan 1990 00:00:00 GMT","cache-control":"no-cache, no-store, max-age=0, must-revalidate","date":"Sun, 18 Apr 2021 08:43:42 GMT","content-type":"application/json; charset=utf-8","vary":"X-Origin, Referer, Origin,Accept-Encoding","server":"scaffolding on HTTPServer2","x-xss-protection":"0","x-frame-options":"SAMEORIGIN","x-content-type-options":"nosniff","alt-svc":"h3-29=\":443\"; ma=2592000,h3-T051=\":443\"; ma=2592000,h3-Q050=\":443\"; ma=2592000,h3-Q046=\":443\"; ma=2592000,h3-Q043=\":443\"; ma=2592000,quic=\":443\"; ma=2592000; v=\"46,43\"","accept-ranges":"none","transfer-encoding":"chunked"}
[debug] [2021-04-18T08:43:42.984Z] >>> HTTP REQUEST POST https://firebase.googleapis.com/v1beta1/projects/kt-12345:addFirebase  
 
[debug] [2021-04-18T08:43:46.766Z] <<< HTTP RESPONSE 200 {"content-type":"application/json; charset=UTF-8","vary":"X-Origin, Referer, Origin,Accept-Encoding","date":"Sun, 18 Apr 2021 08:43:46 GMT","server":"ESF","cache-control":"private","x-xss-protection":"0","x-frame-options":"SAMEORIGIN","x-content-type-options":"nosniff","alt-svc":"h3-29=\":443\"; ma=2592000,h3-T051=\":443\"; ma=2592000,h3-Q050=\":443\"; ma=2592000,h3-Q046=\":443\"; ma=2592000,h3-Q043=\":443\"; ma=2592000,quic=\":443\"; ma=2592000; v=\"46,43\"","accept-ranges":"none","transfer-encoding":"chunked"}
[debug] [2021-04-18T08:43:46.766Z] > refreshing access token with scopes: []
[debug] [2021-04-18T08:43:46.767Z] >>> HTTP REQUEST POST https://www.googleapis.com/oauth2/v3/token  
 <request body omitted>
[debug] [2021-04-18T08:43:46.998Z] <<< HTTP RESPONSE 200 {"pragma":"no-cache","cache-control":"no-cache, no-store, max-age=0, must-revalidate","expires":"Mon, 01 Jan 1990 00:00:00 GMT","date":"Sun, 18 Apr 2021 08:43:46 GMT","content-type":"application/json; charset=utf-8","vary":"X-Origin, Referer, Origin,Accept-Encoding","server":"scaffolding on HTTPServer2","x-xss-protection":"0","x-frame-options":"SAMEORIGIN","x-content-type-options":"nosniff","alt-svc":"h3-29=\":443\"; ma=2592000,h3-T051=\":443\"; ma=2592000,h3-Q050=\":443\"; ma=2592000,h3-Q046=\":443\"; ma=2592000,h3-Q043=\":443\"; ma=2592000,quic=\":443\"; ma=2592000; v=\"46,43\"","accept-ranges":"none","transfer-encoding":"chunked"}
[debug] [2021-04-18T08:43:47.026Z] >>> [apiv2][query] GET https://firebase.googleapis.com/v1beta1/operations/workflows/ODEzOTY5NzUtODI3Mi00Mjg4LTk2ZDctZGE3Nzk0NzllY2U4 [none]
[debug] [2021-04-18T08:43:48.529Z] <<< [apiv2][status] GET https://firebase.googleapis.com/v1beta1/operations/workflows/ODEzOTY5NzUtODI3Mi00Mjg4LTk2ZDctZGE3Nzk0NzllY2U4 200
[debug] [2021-04-18T08:43:48.529Z] <<< [apiv2][body] GET https://firebase.googleapis.com/v1beta1/operations/workflows/ODEzOTY5NzUtODI3Mi00Mjg4LTk2ZDctZGE3Nzk0NzllY2U4 {"name":"operations/workflows/ODEzOTY5NzUtODI3Mi00Mjg4LTk2ZDctZGE3Nzk0NzllY2U4"}
[debug] [2021-04-18T08:43:49.031Z] [Add Firebase Poller] Retrying task index 0
[debug] [2021-04-18T08:43:49.032Z] >>> [apiv2][query] GET https://firebase.googleapis.com/v1beta1/operations/workflows/ODEzOTY5NzUtODI3Mi00Mjg4LTk2ZDctZGE3Nzk0NzllY2U4 [none]
[debug] [2021-04-18T08:43:50.586Z] <<< [apiv2][status] GET https://firebase.googleapis.com/v1beta1/operations/workflows/ODEzOTY5NzUtODI3Mi00Mjg4LTk2ZDctZGE3Nzk0NzllY2U4 200
[debug] [2021-04-18T08:43:50.586Z] <<< [apiv2][body] GET https://firebase.googleapis.com/v1beta1/operations/workflows/ODEzOTY5NzUtODI3Mi00Mjg4LTk2ZDctZGE3Nzk0NzllY2U4 {"name":"operations/workflows/ODEzOTY5NzUtODI3Mi00Mjg4LTk2ZDctZGE3Nzk0NzllY2U4"}
[debug] [2021-04-18T08:43:51.591Z] [Add Firebase Poller] Retrying task index 0
[debug] [2021-04-18T08:43:51.591Z] >>> [apiv2][query] GET https://firebase.googleapis.com/v1beta1/operations/workflows/ODEzOTY5NzUtODI3Mi00Mjg4LTk2ZDctZGE3Nzk0NzllY2U4 [none]
[debug] [2021-04-18T08:43:53.161Z] <<< [apiv2][status] GET https://firebase.googleapis.com/v1beta1/operations/workflows/ODEzOTY5NzUtODI3Mi00Mjg4LTk2ZDctZGE3Nzk0NzllY2U4 200
[debug] [2021-04-18T08:43:53.162Z] <<< [apiv2][body] GET https://firebase.googleapis.com/v1beta1/operations/workflows/ODEzOTY5NzUtODI3Mi00Mjg4LTk2ZDctZGE3Nzk0NzllY2U4 {"name":"operations/workflows/ODEzOTY5NzUtODI3Mi00Mjg4LTk2ZDctZGE3Nzk0NzllY2U4"}
[debug] [2021-04-18T08:43:55.162Z] [Add Firebase Poller] Retrying task index 0
[debug] [2021-04-18T08:43:55.163Z] >>> [apiv2][query] GET https://firebase.googleapis.com/v1beta1/operations/workflows/ODEzOTY5NzUtODI3Mi00Mjg4LTk2ZDctZGE3Nzk0NzllY2U4 [none]
[debug] [2021-04-18T08:43:56.213Z] <<< [apiv2][status] GET https://firebase.googleapis.com/v1beta1/operations/workflows/ODEzOTY5NzUtODI3Mi00Mjg4LTk2ZDctZGE3Nzk0NzllY2U4 200
[debug] [2021-04-18T08:43:56.213Z] <<< [apiv2][body] GET https://firebase.googleapis.com/v1beta1/operations/workflows/ODEzOTY5NzUtODI3Mi00Mjg4LTk2ZDctZGE3Nzk0NzllY2U4 {"name":"operations/workflows/ODEzOTY5NzUtODI3Mi00Mjg4LTk2ZDctZGE3Nzk0NzllY2U4"}
[debug] [2021-04-18T08:44:00.219Z] [Add Firebase Poller] Retrying task index 0
[debug] [2021-04-18T08:44:00.220Z] >>> [apiv2][query] GET https://firebase.googleapis.com/v1beta1/operations/workflows/ODEzOTY5NzUtODI3Mi00Mjg4LTk2ZDctZGE3Nzk0NzllY2U4 [none]
[debug] [2021-04-18T08:44:01.131Z] <<< [apiv2][status] GET https://firebase.googleapis.com/v1beta1/operations/workflows/ODEzOTY5NzUtODI3Mi00Mjg4LTk2ZDctZGE3Nzk0NzllY2U4 200
[debug] [2021-04-18T08:44:01.131Z] <<< [apiv2][body] GET https://firebase.googleapis.com/v1beta1/operations/workflows/ODEzOTY5NzUtODI3Mi00Mjg4LTk2ZDctZGE3Nzk0NzllY2U4 {"name":"operations/workflows/ODEzOTY5NzUtODI3Mi00Mjg4LTk2ZDctZGE3Nzk0NzllY2U4","done":true,"response":{"@type":"type.googleapis.com/google.firebase.service.v1beta1.FirebaseProject","projectId":"kt-12345","projectNumber":"878624900274","displayName":"kt-12345","name":"projects/kt-12345","resources":{"hostingSite":"kt-12345"}}}
[info] 
[info] 🎉🎉🎉 Your Firebase project is ready! 🎉🎉🎉
[info] 
[info] Project information:
[info]    - Project ID: kt-12345
[info]    - Project Name: kt-12345
[info] 
[info] Firebase console is available at
[info] https://console.firebase.google.com/project/kt-12345/overview
[info] i  Using project kt-12345 (kt-12345) 
[info] 
=== Hosting Setup
[info] 
[info] Your public directory is the folder (relative to your project directory) that
[info] will contain Hosting assets to be uploaded with firebase deploy. If you
[info] have a build process for your assets, use your build's output directory.
[info] 
[debug] [2021-04-18T08:44:33.112Z] >>> [apiv2][query] GET https://www.gstatic.com/firebasejs/releases.json [none]
[debug] [2021-04-18T08:44:33.515Z] <<< [apiv2][status] GET https://www.gstatic.com/firebasejs/releases.json 200
[debug] [2021-04-18T08:44:33.515Z] <<< [apiv2][body] GET https://www.gstatic.com/firebasejs/releases.json {"current":{"version":"8.4.1","browserURL":"https://www.gstatic.com/firebasejs/8.4.1/firebase.js","packageURL":"https://www.gstatic.com/firebasejs/8.4.1/firebase.tgz"},"live":{"version":"8.4","browserURL":"https://www.gstatic.com/firebasejs/live/8.4/firebase.js","packageURL":"https://www.gstatic.com/firebasejs/live/8.4/firebase.tgz"},"components":{"analytics":"https://www.gstatic.com/firebasejs/8.4.1/firebase-analytics.js","app":"https://www.gstatic.com/firebasejs/8.4.1/firebase-app.js","auth":"https://www.gstatic.com/firebasejs/8.4.1/firebase-auth.js","database":"https://www.gstatic.com/firebasejs/8.4.1/firebase-database.js","firestore":"https://www.gstatic.com/firebasejs/8.4.1/firebase-firestore.js","functions":"https://www.gstatic.com/firebasejs/8.4.1/firebase-functions.js","installations":"https://www.gstatic.com/firebasejs/8.4.1/firebase-installations.js","messaging":"https://www.gstatic.com/firebasejs/8.4.1/firebase-messaging.js","storage":"https://www.gstatic.com/firebasejs/8.4.1/firebase-storage.js","performance":"https://www.gstatic.com/firebasejs/8.4.1/firebase-performance.js","remote-config":"https://www.gstatic.com/firebasejs/8.4.1/firebase-remote-config.js","firestore.memory":"https://www.gstatic.com/firebasejs/8.4.1/firebase-firestore.memory.js"}}
[info] ✔  Wrote public/index.html 
[info] 
[info] i  Detected a .git folder at /Users/kazuki/pf/todo-app 
[info] i  Authorizing with GitHub to upload your service account to a GitHub repository's secrets store. 
[info] 
[info] Visit this URL on this device to log in:
[info] https://github.com/login/oauth/authorize?client_id=89cf50f02ac6aaed3484&state=787454843&redirect_uri=http%3A%2F%2Flocalhost%3A9005&scope=read%3Auser%20repo%20public_repo
[info] 
[info] Waiting for authentication...
[debug] [2021-04-18T08:45:12.295Z] >>> HTTP REQUEST POST https://github.com/login/oauth/access_token  
 {"client_id":"89cf50f02ac6aaed3484","client_secret":"3330d14abc895d9a74d5f17cd7a00711fa2c5bf0","code":"2caeb0adb5bd032b88d9","redirect_uri":"http://localhost:9005","state":"787454843"}
[debug] [2021-04-18T08:45:12.702Z] <<< HTTP RESPONSE 200 {"server":"GitHub.com","date":"Sun, 18 Apr 2021 08:45:12 GMT","content-type":"application/json; charset=utf-8","transfer-encoding":"chunked","vary":"X-PJAX, Accept-Encoding, Accept, X-Requested-With","etag":"W/\"2e449c5adaa03636c2e44466e67ed797\"","cache-control":"max-age=0, private, must-revalidate","strict-transport-security":"max-age=31536000; includeSubdomains; preload","x-frame-options":"deny","x-content-type-options":"nosniff","x-xss-protection":"0","referrer-policy":"origin-when-cross-origin, strict-origin-when-cross-origin","expect-ct":"max-age=2592000, report-uri=\"https://api.github.com/_private/browser/errors\"","content-security-policy":"default-src 'none'; base-uri 'self'; block-all-mixed-content; connect-src 'self' uploads.github.com www.githubstatus.com collector.githubapp.com api.github.com github-cloud.s3.amazonaws.com github-production-repository-file-5c1aeb.s3.amazonaws.com github-production-upload-manifest-file-7fdce7.s3.amazonaws.com github-production-user-asset-6210df.s3.amazonaws.com cdn.optimizely.com logx.optimizely.com/v1/events wss://alive.github.com; font-src github.githubassets.com; form-action 'self' github.com gist.github.com; frame-ancestors 'none'; frame-src render.githubusercontent.com; img-src 'self' data: github.githubassets.com identicons.github.com collector.githubapp.com github-cloud.s3.amazonaws.com secured-user-images.githubusercontent.com/ *.githubusercontent.com; manifest-src 'self'; media-src 'none'; script-src github.githubassets.com; style-src 'unsafe-inline' github.githubassets.com; worker-src github.com/socket-worker-3f088aa2.js gist.github.com/socket-worker-3f088aa2.js","x-github-request-id":"EDE6:3E33:2028D0:31913E:607BF198"}
[debug] [2021-04-18T08:45:12.710Z] >>> [apiv2][query] GET https://api.github.com/user [none]
[debug] [2021-04-18T08:45:13.104Z] <<< [apiv2][status] GET https://api.github.com/user 200
[debug] [2021-04-18T08:45:13.104Z] <<< [apiv2][body] GET https://api.github.com/user {"login":"kazuki0122","id":63531246,"node_id":"MDQ6VXNlcjYzNTMxMjQ2","avatar_url":"https://avatars.githubusercontent.com/u/63531246?v=4","gravatar_id":"","url":"https://api.github.com/users/kazuki0122","html_url":"https://github.com/kazuki0122","followers_url":"https://api.github.com/users/kazuki0122/followers","following_url":"https://api.github.com/users/kazuki0122/following{/other_user}","gists_url":"https://api.github.com/users/kazuki0122/gists{/gist_id}","starred_url":"https://api.github.com/users/kazuki0122/starred{/owner}{/repo}","subscriptions_url":"https://api.github.com/users/kazuki0122/subscriptions","organizations_url":"https://api.github.com/users/kazuki0122/orgs","repos_url":"https://api.github.com/users/kazuki0122/repos","events_url":"https://api.github.com/users/kazuki0122/events{/privacy}","received_events_url":"https://api.github.com/users/kazuki0122/received_events","type":"User","site_admin":false,"name":"tsuji","company":null,"blog":"","location":null,"email":null,"hireable":null,"bio":null,"twitter_username":null,"public_repos":2,"public_gists":0,"followers":0,"following":0,"created_at":"2020-04-12T05:18:31Z","updated_at":"2021-04-18T08:45:07Z","private_gists":1,"total_private_repos":3,"owned_private_repos":3,"disk_usage":5042,"collaborators":0,"two_factor_authentication":true,"plan":{"name":"free","space":976562499,"collaborators":0,"private_repos":10000}}
[info] 
[info] ✔  Success! Logged into GitHub as kazuki0122 
[info] 
[debug] [2021-04-18T08:45:31.267Z] >>> [apiv2][query] GET https://api.github.com/repos//actions/secrets/public-key type=owner
[debug] [2021-04-18T08:45:31.496Z] <<< [apiv2][status] GET https://api.github.com/repos//actions/secrets/public-key 404
[debug] [2021-04-18T08:45:31.496Z] <<< [apiv2][body] GET https://api.github.com/repos//actions/secrets/public-key {"message":"Not Found","documentation_url":"https://docs.github.com/rest"}
